

Processing Rails::InfoController#properties (for 127.0.0.1 at 2010-03-13 08:54:58) [GET]
  [4;36;1mSQL (0.3ms)[0m   [0;1m SELECT name
 FROM sqlite_master
 WHERE type = 'table' AND NOT name = 'sqlite_sequence'
[0m
Completed in 13ms (View: 1, DB: 0) | 200 OK [http://localhost/rails/info/properties]


Processing HomeController#index (for 127.0.0.1 at 2010-03-13 08:55:14) [GET]
Rendering home/index
Completed in 30ms (View: 25, DB: 0) | 200 OK [http://localhost/home]


Processing HomeController#index (for 127.0.0.1 at 2010-03-13 08:55:37) [GET]
Rendering home/index
Completed in 6ms (View: 1, DB: 0) | 200 OK [http://localhost/home/index]


Processing ApplicationController#index (for 127.0.0.1 at 2010-03-13 08:56:21) [GET]

ActionController::RoutingError (No route matches "/" with {:method=>:get}):
  /usr/lib/ruby/1.8/webrick/httpserver.rb:104:in `service'
  /usr/lib/ruby/1.8/webrick/httpserver.rb:65:in `run'
  /usr/lib/ruby/1.8/webrick/server.rb:173:in `start_thread'
  /usr/lib/ruby/1.8/webrick/server.rb:162:in `start'
  /usr/lib/ruby/1.8/webrick/server.rb:162:in `start_thread'
  /usr/lib/ruby/1.8/webrick/server.rb:95:in `start'
  /usr/lib/ruby/1.8/webrick/server.rb:92:in `each'
  /usr/lib/ruby/1.8/webrick/server.rb:92:in `start'
  /usr/lib/ruby/1.8/webrick/server.rb:23:in `start'
  /usr/lib/ruby/1.8/webrick/server.rb:82:in `start'

Rendering rescues/layout (not_found)


Processing HomeController#index (for 127.0.0.1 at 2010-03-13 08:58:26) [GET]
Rendering home/index
Completed in 2ms (View: 0, DB: 0) | 200 OK [http://localhost/]
  [4;36;1mSQL (0.2ms)[0m   [0;1m SELECT name
 FROM sqlite_master
 WHERE type = 'table' AND NOT name = 'sqlite_sequence'
[0m
  [4;35;1mSQL (0.1ms)[0m   [0mselect sqlite_version(*)[0m
  [4;36;1mSQL (13.5ms)[0m   [0;1mCREATE TABLE "schema_migrations" ("version" varchar(255) NOT NULL) [0m
  [4;35;1mSQL (3.0ms)[0m   [0mCREATE UNIQUE INDEX "unique_schema_migrations" ON "schema_migrations" ("version")[0m
  [4;36;1mSQL (0.1ms)[0m   [0;1m SELECT name
 FROM sqlite_master
 WHERE type = 'table' AND NOT name = 'sqlite_sequence'
[0m
  [4;35;1mSQL (0.1ms)[0m   [0mSELECT version FROM schema_migrations[0m
Migrating to CreateAccounts (20100313080135)
  [4;36;1mSQL (0.3ms)[0m   [0;1mCREATE TABLE "accounts" ("id" INTEGER PRIMARY KEY AUTOINCREMENT NOT NULL, "name" varchar(255), "url" varchar(255), "login" varchar(255), "password" varchar(255), "comment" text, "created_at" datetime, "updated_at" datetime) [0m
  [4;35;1mSQL (0.1ms)[0m   [0mINSERT INTO schema_migrations (version) VALUES ('20100313080135')[0m
  [4;36;1mSQL (0.2ms)[0m   [0;1m SELECT name
 FROM sqlite_master
 WHERE type = 'table' AND NOT name = 'sqlite_sequence'
[0m
  [4;35;1mSQL (0.1ms)[0m   [0mSELECT version FROM schema_migrations[0m
  [4;36;1mSQL (0.2ms)[0m   [0;1m SELECT name
 FROM sqlite_master
 WHERE type = 'table' AND NOT name = 'sqlite_sequence'
[0m
  [4;35;1mSQL (0.1ms)[0m   [0mPRAGMA index_list("accounts")[0m


Processing HomeController#index (for 127.0.0.1 at 2010-03-13 09:03:38) [GET]
Rendering home/index
Completed in 14ms (View: 13, DB: 0) | 200 OK [http://localhost/]


Processing AccountsController#index (for 127.0.0.1 at 2010-03-13 09:03:42) [GET]
  [4;35;1mAccount Load (0.3ms)[0m   [0mSELECT * FROM "accounts" [0m
Rendering template within layouts/accounts
Rendering accounts/index
Completed in 20ms (View: 15, DB: 0) | 200 OK [http://localhost/accounts]


Processing AccountsController#new (for 127.0.0.1 at 2010-03-13 09:03:47) [GET]
Rendering template within layouts/accounts
Rendering accounts/new
Completed in 20ms (View: 10, DB: 0) | 200 OK [http://localhost/accounts/new]


Processing AccountsController#create (for 127.0.0.1 at 2010-03-13 09:04:44) [POST]
  Parameters: {"commit"=>"Create", "authenticity_token"=>"SNQz9DdM0dYBJNK9S96aOOcqy4eObL1JiIg2KVAfCdI=", "account"=>{"comment"=>"", "name"=>"Mail Google", "url"=>"gmail.com", "password"=>"mypwd", "login"=>"openlf"}}
  [4;36;1mAccount Create (0.8ms)[0m   [0;1mINSERT INTO "accounts" ("name", "comment", "created_at", "updated_at", "url", "login", "password") VALUES('Mail Google', '', '2010-03-13 08:04:44', '2010-03-13 08:04:44', 'gmail.com', 'openlf', 'mypwd')[0m
Redirected to http://localhost:3000/accounts/1
Completed in 34ms (DB: 1) | 302 Found [http://localhost/accounts]


Processing AccountsController#show (for 127.0.0.1 at 2010-03-13 09:04:44) [GET]
  Parameters: {"id"=>"1"}
  [4;35;1mAccount Load (0.8ms)[0m   [0mSELECT * FROM "accounts" WHERE ("accounts"."id" = 1) [0m
Rendering template within layouts/accounts
Rendering accounts/show
Completed in 92ms (View: 74, DB: 1) | 200 OK [http://localhost/accounts/1]


Processing AccountsController#index (for 127.0.0.1 at 2010-03-13 09:04:47) [GET]
  [4;36;1mAccount Load (1.3ms)[0m   [0;1mSELECT * FROM "accounts" [0m
Rendering template within layouts/accounts
Rendering accounts/index
Completed in 35ms (View: 20, DB: 1) | 200 OK [http://localhost/accounts]


Processing AccountsController#show (for 127.0.0.1 at 2010-03-13 09:04:55) [GET]
  Parameters: {"id"=>"1"}
  [4;35;1mAccount Load (0.8ms)[0m   [0mSELECT * FROM "accounts" WHERE ("accounts"."id" = 1) [0m
Rendering template within layouts/accounts
Rendering accounts/show
Completed in 26ms (View: 8, DB: 1) | 200 OK [http://localhost/accounts/1]


Processing AccountsController#index (for 127.0.0.1 at 2010-03-13 09:04:57) [GET]
  [4;36;1mAccount Load (1.3ms)[0m   [0;1mSELECT * FROM "accounts" [0m
Rendering template within layouts/accounts
Rendering accounts/index
Completed in 30ms (View: 16, DB: 1) | 200 OK [http://localhost/accounts]


Processing AccountsController#new (for 127.0.0.1 at 2010-03-13 14:06:09) [GET]
Rendering template within layouts/accounts
Rendering accounts/new
Completed in 42ms (View: 18, DB: 0) | 200 OK [http://localhost/accounts/new]


Processing AccountsController#create (for 127.0.0.1 at 2010-03-13 14:06:11) [POST]
  Parameters: {"commit"=>"Create", "authenticity_token"=>"SNQz9DdM0dYBJNK9S96aOOcqy4eObL1JiIg2KVAfCdI=", "account"=>{"comment"=>"", "name"=>"", "url"=>"", "password"=>"", "login"=>""}}
Rendering template within layouts/accounts
Rendering accounts/new
Completed in 136ms (View: 106, DB: 0) | 200 OK [http://localhost/accounts]


Processing HomeController#index (for 127.0.0.1 at 2010-03-14 12:28:57) [GET]
Rendering home/index
Completed in 92ms (View: 90, DB: 0) | 200 OK [http://127.0.0.1/]


Processing AccountsController#index (for 127.0.0.1 at 2010-03-14 12:29:08) [GET]
  [4;36;1mAccount Load (0.5ms)[0m   [0;1mSELECT * FROM "accounts" [0m
Rendering template within layouts/accounts
Rendering accounts/index
Completed in 93ms (View: 88, DB: 1) | 200 OK [http://127.0.0.1/accounts]


Processing AccountsController#show (for 127.0.0.1 at 2010-03-14 12:29:11) [GET]
  Parameters: {"id"=>"1"}
  [4;35;1mAccount Load (0.2ms)[0m   [0mSELECT * FROM "accounts" WHERE ("accounts"."id" = 1) [0m
Rendering template within layouts/accounts
Rendering accounts/show
Completed in 13ms (View: 7, DB: 0) | 200 OK [http://127.0.0.1/accounts/1]


Processing AccountsController#index (for 127.0.0.1 at 2010-03-14 12:29:15) [GET]
  [4;36;1mAccount Load (0.4ms)[0m   [0;1mSELECT * FROM "accounts" [0m
Rendering template within layouts/accounts
Rendering accounts/index
Completed in 11ms (View: 6, DB: 0) | 200 OK [http://127.0.0.1/accounts]


Processing AccountsController#edit (for 127.0.0.1 at 2010-03-14 12:29:24) [GET]
  Parameters: {"id"=>"1"}
  [4;35;1mAccount Load (0.2ms)[0m   [0mSELECT * FROM "accounts" WHERE ("accounts"."id" = 1) [0m
Rendering template within layouts/accounts
Rendering accounts/edit
Completed in 25ms (View: 19, DB: 0) | 200 OK [http://127.0.0.1/accounts/1/edit]


Processing AccountsController#update (for 127.0.0.1 at 2010-03-14 12:29:31) [PUT]
  Parameters: {"commit"=>"Update", "authenticity_token"=>"wMg2LdK46EPGJRV3qbbUqHjQFymEJVxNivlQJ6drvJk=", "account"=>{"comment"=>"fgghfhgfgh\r\n\r\n\r\nk,lmklkl", "name"=>"Mail Google", "url"=>"gmail.com", "password"=>"mypwd", "login"=>"openlf"}, "id"=>"1"}
  [4;36;1mAccount Load (0.2ms)[0m   [0;1mSELECT * FROM "accounts" WHERE ("accounts"."id" = 1) [0m
  [4;35;1mAccount Update (15.1ms)[0m   [0mUPDATE "accounts" SET "updated_at" = '2010-03-14 11:29:31', "comment" = 'fgghfhgfgh


k,lmklkl' WHERE "id" = 1[0m
Redirected to http://127.0.0.1:3000/accounts/1
Completed in 83ms (DB: 15) | 302 Found [http://127.0.0.1/accounts/1]


Processing AccountsController#show (for 127.0.0.1 at 2010-03-14 12:29:31) [GET]
  Parameters: {"id"=>"1"}
  [4;36;1mAccount Load (0.3ms)[0m   [0;1mSELECT * FROM "accounts" WHERE ("accounts"."id" = 1) [0m
Rendering template within layouts/accounts
Rendering accounts/show
Completed in 9ms (View: 3, DB: 0) | 200 OK [http://127.0.0.1/accounts/1]


Processing AccountsController#index (for 127.0.0.1 at 2010-03-14 12:29:33) [GET]
  [4;35;1mAccount Load (0.4ms)[0m   [0mSELECT * FROM "accounts" [0m
Rendering template within layouts/accounts
Rendering accounts/index
Completed in 48ms (View: 43, DB: 0) | 200 OK [http://127.0.0.1/accounts]


Processing AccountsController#edit (for 127.0.0.1 at 2010-03-14 12:51:05) [GET]
  Parameters: {"id"=>"1"}
  [4;36;1mAccount Load (0.5ms)[0m   [0;1mSELECT * FROM "accounts" WHERE ("accounts"."id" = 1) [0m
Rendering template within layouts/accounts
Rendering accounts/edit
Completed in 13ms (View: 7, DB: 1) | 200 OK [http://127.0.0.1/accounts/1/edit]


Processing AccountsController#update (for 127.0.0.1 at 2010-03-14 12:51:07) [PUT]
  Parameters: {"commit"=>"Update", "authenticity_token"=>"wMg2LdK46EPGJRV3qbbUqHjQFymEJVxNivlQJ6drvJk=", "account"=>{"comment"=>"fgghfhgfgh\r\n\r\n\r\nk,lmklkl", "name"=>"Mail Google", "url"=>"gmail.com", "password"=>"mypwd", "login"=>"openlf"}, "id"=>"1"}
  [4;35;1mAccount Load (0.3ms)[0m   [0mSELECT * FROM "accounts" WHERE ("accounts"."id" = 1) [0m

ActionController::ActionControllerError (Cannot redirect to nil!):
  app/controllers/accounts_controller.rb:65:in `update'
  app/controllers/accounts_controller.rb:62:in `update'
  /usr/lib/ruby/1.8/webrick/httpserver.rb:104:in `service'
  /usr/lib/ruby/1.8/webrick/httpserver.rb:65:in `run'
  /usr/lib/ruby/1.8/webrick/server.rb:173:in `start_thread'
  /usr/lib/ruby/1.8/webrick/server.rb:162:in `start'
  /usr/lib/ruby/1.8/webrick/server.rb:162:in `start_thread'
  /usr/lib/ruby/1.8/webrick/server.rb:95:in `start'
  /usr/lib/ruby/1.8/webrick/server.rb:92:in `each'
  /usr/lib/ruby/1.8/webrick/server.rb:92:in `start'
  /usr/lib/ruby/1.8/webrick/server.rb:23:in `start'
  /usr/lib/ruby/1.8/webrick/server.rb:82:in `start'

Rendered rescues/_trace (36.9ms)
Rendered rescues/_request_and_response (1.4ms)
Rendering rescues/layout (internal_server_error)


Processing AccountsController#index (for 127.0.0.1 at 2010-03-14 12:56:56) [GET]
  [4;36;1mAccount Load (0.5ms)[0m   [0;1mSELECT * FROM "accounts" [0m
Rendering template within layouts/accounts
Rendering accounts/index
Completed in 12ms (View: 7, DB: 0) | 200 OK [http://127.0.0.1/accounts]


Processing AccountsController#edit (for 127.0.0.1 at 2010-03-14 12:56:58) [GET]
  Parameters: {"id"=>"1"}
  [4;35;1mAccount Load (0.2ms)[0m   [0mSELECT * FROM "accounts" WHERE ("accounts"."id" = 1) [0m
Rendering template within layouts/accounts
Rendering accounts/edit
Completed in 12ms (View: 6, DB: 0) | 200 OK [http://127.0.0.1/accounts/1/edit]


Processing AccountsController#update (for 127.0.0.1 at 2010-03-14 12:57:00) [PUT]
  Parameters: {"commit"=>"Update", "authenticity_token"=>"wMg2LdK46EPGJRV3qbbUqHjQFymEJVxNivlQJ6drvJk=", "account"=>{"comment"=>"fgghfhgfgh\r\n\r\n\r\nk,lmklkl", "name"=>"Mail Google", "url"=>"gmail.com", "password"=>"mypwd", "login"=>"openlf"}, "id"=>"1"}
  [4;36;1mAccount Load (0.3ms)[0m   [0;1mSELECT * FROM "accounts" WHERE ("accounts"."id" = 1) [0m

ActionView::MissingTemplate (Missing template accounts/list.erb in view path app/views):
  app/controllers/accounts_controller.rb:65:in `update'
  app/controllers/accounts_controller.rb:62:in `update'
  /usr/lib/ruby/1.8/webrick/httpserver.rb:104:in `service'
  /usr/lib/ruby/1.8/webrick/httpserver.rb:65:in `run'
  /usr/lib/ruby/1.8/webrick/server.rb:173:in `start_thread'
  /usr/lib/ruby/1.8/webrick/server.rb:162:in `start'
  /usr/lib/ruby/1.8/webrick/server.rb:162:in `start_thread'
  /usr/lib/ruby/1.8/webrick/server.rb:95:in `start'
  /usr/lib/ruby/1.8/webrick/server.rb:92:in `each'
  /usr/lib/ruby/1.8/webrick/server.rb:92:in `start'
  /usr/lib/ruby/1.8/webrick/server.rb:23:in `start'
  /usr/lib/ruby/1.8/webrick/server.rb:82:in `start'

Rendering rescues/layout (internal_server_error)


Processing AccountsController#index (for 127.0.0.1 at 2010-03-14 12:57:31) [GET]
  [4;35;1mAccount Load (0.5ms)[0m   [0mSELECT * FROM "accounts" [0m
Rendering template within layouts/accounts
Rendering accounts/index
Completed in 12ms (View: 7, DB: 0) | 200 OK [http://127.0.0.1/accounts/]


Processing AccountsController#edit (for 127.0.0.1 at 2010-03-14 12:57:36) [GET]
  Parameters: {"id"=>"1"}
  [4;36;1mAccount Load (0.2ms)[0m   [0;1mSELECT * FROM "accounts" WHERE ("accounts"."id" = 1) [0m
Rendering template within layouts/accounts
Rendering accounts/edit
Completed in 12ms (View: 6, DB: 0) | 200 OK [http://127.0.0.1/accounts/1/edit]


Processing AccountsController#update (for 127.0.0.1 at 2010-03-14 12:57:37) [PUT]
  Parameters: {"commit"=>"Update", "authenticity_token"=>"wMg2LdK46EPGJRV3qbbUqHjQFymEJVxNivlQJ6drvJk=", "account"=>{"comment"=>"fgghfhgfgh\r\n\r\n\r\nk,lmklkl", "name"=>"Mail Google", "url"=>"gmail.com", "password"=>"mypwd", "login"=>"openlf"}, "id"=>"1"}
  [4;35;1mAccount Load (0.3ms)[0m   [0mSELECT * FROM "accounts" WHERE ("accounts"."id" = 1) [0m
Rendering template within layouts/accounts
Rendering accounts/index

ActionView::TemplateError (You have a nil object when you didn't expect it!
You might have expected an instance of Array.
The error occurred while evaluating nil.each) on line #12 of app/views/accounts/index.html.erb:
9:     <th>Comment</th>
10:   </tr>
11: 
12: <% @accounts.each do |account| %>
13:   <tr>
14:     <td><%=h account.name %></td>
15:     <td><%=h account.url %></td>

    app/views/accounts/index.html.erb:12
    app/controllers/accounts_controller.rb:65:in `update'
    app/controllers/accounts_controller.rb:62:in `update'
    /usr/lib/ruby/1.8/webrick/httpserver.rb:104:in `service'
    /usr/lib/ruby/1.8/webrick/httpserver.rb:65:in `run'
    /usr/lib/ruby/1.8/webrick/server.rb:173:in `start_thread'
    /usr/lib/ruby/1.8/webrick/server.rb:162:in `start'
    /usr/lib/ruby/1.8/webrick/server.rb:162:in `start_thread'
    /usr/lib/ruby/1.8/webrick/server.rb:95:in `start'
    /usr/lib/ruby/1.8/webrick/server.rb:92:in `each'
    /usr/lib/ruby/1.8/webrick/server.rb:92:in `start'
    /usr/lib/ruby/1.8/webrick/server.rb:23:in `start'
    /usr/lib/ruby/1.8/webrick/server.rb:82:in `start'

Rendered rescues/_trace (43.3ms)
Rendered rescues/_request_and_response (0.4ms)
Rendering rescues/layout (internal_server_error)


Processing HomeController#index (for 127.0.0.1 at 2010-03-14 14:21:09) [GET]
Rendering home/index
Completed in 14ms (View: 12, DB: 0) | 200 OK [http://127.0.0.1/]


Processing AccountsController#index (for 127.0.0.1 at 2010-03-14 14:21:11) [GET]
  [4;36;1mAccount Load (0.4ms)[0m   [0;1mSELECT * FROM "accounts" [0m
Rendering template within layouts/accounts
Rendering accounts/index
Completed in 48ms (View: 33, DB: 0) | 200 OK [http://127.0.0.1/accounts]


Processing AccountsController#show (for 127.0.0.1 at 2010-03-14 14:21:14) [GET]
  Parameters: {"id"=>"1"}
  [4;35;1mAccount Load (0.2ms)[0m   [0mSELECT * FROM "accounts" WHERE ("accounts"."id" = 1) [0m
Rendering template within layouts/accounts
Rendering accounts/show
Completed in 8ms (View: 2, DB: 0) | 200 OK [http://127.0.0.1/accounts/1]


Processing AccountsController#index (for 127.0.0.1 at 2010-03-14 14:21:15) [GET]
  [4;36;1mAccount Load (0.4ms)[0m   [0;1mSELECT * FROM "accounts" [0m
Rendering template within layouts/accounts
Rendering accounts/index
Completed in 56ms (View: 51, DB: 0) | 200 OK [http://127.0.0.1/accounts]


Processing AccountsController#edit (for 127.0.0.1 at 2010-03-14 14:21:16) [GET]
  Parameters: {"id"=>"1"}
  [4;35;1mAccount Load (0.2ms)[0m   [0mSELECT * FROM "accounts" WHERE ("accounts"."id" = 1) [0m
Rendering template within layouts/accounts
Rendering accounts/edit
Completed in 12ms (View: 7, DB: 0) | 200 OK [http://127.0.0.1/accounts/1/edit]


Processing AccountsController#update (for 127.0.0.1 at 2010-03-14 14:21:17) [PUT]
  Parameters: {"commit"=>"Update", "authenticity_token"=>"wMg2LdK46EPGJRV3qbbUqHjQFymEJVxNivlQJ6drvJk=", "account"=>{"comment"=>"fgghfhgfgh\r\n\r\n\r\nk,lmklkl", "name"=>"Mail Google", "url"=>"gmail.com", "password"=>"mypwd", "login"=>"openlf"}, "id"=>"1"}
  [4;36;1mAccount Load (0.2ms)[0m   [0;1mSELECT * FROM "accounts" WHERE ("accounts"."id" = 1) [0m
Rendering template within layouts/accounts
Rendering accounts/index

ActionView::TemplateError (You have a nil object when you didn't expect it!
You might have expected an instance of Array.
The error occurred while evaluating nil.each) on line #12 of app/views/accounts/index.html.erb:
9:     <th>Comment</th>
10:   </tr>
11: 
12: <% @accounts.each do |account| %>
13:   <tr>
14:     <td><%=h account.name %></td>
15:     <td><%=h account.url %></td>

    app/views/accounts/index.html.erb:12
    app/controllers/accounts_controller.rb:65:in `update'
    app/controllers/accounts_controller.rb:62:in `update'
    /usr/lib/ruby/1.8/webrick/httpserver.rb:104:in `service'
    /usr/lib/ruby/1.8/webrick/httpserver.rb:65:in `run'
    /usr/lib/ruby/1.8/webrick/server.rb:173:in `start_thread'
    /usr/lib/ruby/1.8/webrick/server.rb:162:in `start'
    /usr/lib/ruby/1.8/webrick/server.rb:162:in `start_thread'
    /usr/lib/ruby/1.8/webrick/server.rb:95:in `start'
    /usr/lib/ruby/1.8/webrick/server.rb:92:in `each'
    /usr/lib/ruby/1.8/webrick/server.rb:92:in `start'
    /usr/lib/ruby/1.8/webrick/server.rb:23:in `start'
    /usr/lib/ruby/1.8/webrick/server.rb:82:in `start'

Rendered rescues/_trace (41.2ms)
Rendered rescues/_request_and_response (0.4ms)
Rendering rescues/layout (internal_server_error)


Processing ApplicationController#index (for 127.0.0.1 at 2010-03-14 14:22:56) [GET]

SyntaxError (/home/tifauve/Documents/Code/INCUBATEUR/vauban/app/controllers/accounts_controller.rb:65: syntax error, unexpected tIDENTIFIER, expecting '}'
...direct_to(accounts_url) render :action => "index" }
                              ^):
  /usr/lib/ruby/1.8/webrick/httpserver.rb:104:in `service'
  /usr/lib/ruby/1.8/webrick/httpserver.rb:65:in `run'
  /usr/lib/ruby/1.8/webrick/server.rb:173:in `start_thread'
  /usr/lib/ruby/1.8/webrick/server.rb:162:in `start'
  /usr/lib/ruby/1.8/webrick/server.rb:162:in `start_thread'
  /usr/lib/ruby/1.8/webrick/server.rb:95:in `start'
  /usr/lib/ruby/1.8/webrick/server.rb:92:in `each'
  /usr/lib/ruby/1.8/webrick/server.rb:92:in `start'
  /usr/lib/ruby/1.8/webrick/server.rb:23:in `start'
  /usr/lib/ruby/1.8/webrick/server.rb:82:in `start'

Rendered rescues/_trace (27.9ms)
Rendered rescues/_request_and_response (0.3ms)
Rendering rescues/layout (internal_server_error)


Processing ApplicationController#index (for 127.0.0.1 at 2010-03-14 14:22:59) [GET]

SyntaxError (/home/tifauve/Documents/Code/INCUBATEUR/vauban/app/controllers/accounts_controller.rb:65: syntax error, unexpected tIDENTIFIER, expecting '}'
...direct_to(accounts_url) render :action => "index" }
                              ^):
  /usr/lib/ruby/1.8/webrick/httpserver.rb:104:in `service'
  /usr/lib/ruby/1.8/webrick/httpserver.rb:65:in `run'
  /usr/lib/ruby/1.8/webrick/server.rb:173:in `start_thread'
  /usr/lib/ruby/1.8/webrick/server.rb:162:in `start'
  /usr/lib/ruby/1.8/webrick/server.rb:162:in `start_thread'
  /usr/lib/ruby/1.8/webrick/server.rb:95:in `start'
  /usr/lib/ruby/1.8/webrick/server.rb:92:in `each'
  /usr/lib/ruby/1.8/webrick/server.rb:92:in `start'
  /usr/lib/ruby/1.8/webrick/server.rb:23:in `start'
  /usr/lib/ruby/1.8/webrick/server.rb:82:in `start'

Rendered rescues/_trace (30.7ms)
Rendered rescues/_request_and_response (0.3ms)
Rendering rescues/layout (internal_server_error)


Processing AccountsController#index (for 127.0.0.1 at 2010-03-14 14:23:12) [GET]
  [4;35;1mAccount Load (0.5ms)[0m   [0mSELECT * FROM "accounts" [0m
Rendering template within layouts/accounts
Rendering accounts/index
Completed in 12ms (View: 7, DB: 0) | 200 OK [http://127.0.0.1/accounts]


Processing AccountsController#show (for 127.0.0.1 at 2010-03-14 14:23:14) [GET]
  Parameters: {"id"=>"1"}
  [4;36;1mAccount Load (0.2ms)[0m   [0;1mSELECT * FROM "accounts" WHERE ("accounts"."id" = 1) [0m
Rendering template within layouts/accounts
Rendering accounts/show
Completed in 8ms (View: 2, DB: 0) | 200 OK [http://127.0.0.1/accounts/1]


Processing AccountsController#edit (for 127.0.0.1 at 2010-03-14 14:23:16) [GET]
  Parameters: {"id"=>"1"}
  [4;35;1mAccount Load (0.2ms)[0m   [0mSELECT * FROM "accounts" WHERE ("accounts"."id" = 1) [0m
Rendering template within layouts/accounts
Rendering accounts/edit
Completed in 12ms (View: 6, DB: 0) | 200 OK [http://127.0.0.1/accounts/1/edit]


Processing AccountsController#update (for 127.0.0.1 at 2010-03-14 14:23:17) [PUT]
  Parameters: {"commit"=>"Update", "authenticity_token"=>"wMg2LdK46EPGJRV3qbbUqHjQFymEJVxNivlQJ6drvJk=", "account"=>{"comment"=>"fgghfhgfgh\r\n\r\n\r\nk,lmklkl", "name"=>"Mail Google", "url"=>"gmail.com", "password"=>"mypwd", "login"=>"openlf"}, "id"=>"1"}
  [4;36;1mAccount Load (0.2ms)[0m   [0;1mSELECT * FROM "accounts" WHERE ("accounts"."id" = 1) [0m
Redirected to http://127.0.0.1:3000/accounts
Completed in 8ms (DB: 0) | 302 Found [http://127.0.0.1/accounts/1]


Processing AccountsController#index (for 127.0.0.1 at 2010-03-14 14:23:17) [GET]
  [4;35;1mAccount Load (0.4ms)[0m   [0mSELECT * FROM "accounts" [0m
Rendering template within layouts/accounts
Rendering accounts/index
Completed in 12ms (View: 7, DB: 0) | 200 OK [http://127.0.0.1/accounts]


Processing AccountsController#new (for 127.0.0.1 at 2010-03-14 14:23:21) [GET]
Rendering template within layouts/accounts
Rendering accounts/new
Completed in 26ms (View: 20, DB: 0) | 200 OK [http://127.0.0.1/accounts/new]


Processing AccountsController#create (for 127.0.0.1 at 2010-03-14 14:23:58) [POST]
  Parameters: {"commit"=>"Create", "authenticity_token"=>"wMg2LdK46EPGJRV3qbbUqHjQFymEJVxNivlQJ6drvJk=", "account"=>{"comment"=>"un\r\ncommentaire <h1>hr</h1>", "name"=>"yahoo.fr", "url"=>"http://yahoo.fr", "password"=>"yahonrulez", "login"=>"openYahon"}}
  [4;36;1mAccount Create (0.2ms)[0m   [0;1mINSERT INTO "accounts" ("name", "comment", "created_at", "updated_at", "url", "login", "password") VALUES('yahoo.fr', 'un
commentaire <h1>hr</h1>', '2010-03-14 13:23:58', '2010-03-14 13:23:58', 'http://yahoo.fr', 'openYahon', 'yahonrulez')[0m
Redirected to http://127.0.0.1:3000/accounts
Completed in 46ms (DB: 0) | 302 Found [http://127.0.0.1/accounts]


Processing AccountsController#index (for 127.0.0.1 at 2010-03-14 14:23:58) [GET]
  [4;35;1mAccount Load (0.6ms)[0m   [0mSELECT * FROM "accounts" [0m
Rendering template within layouts/accounts
Rendering accounts/index
Completed in 18ms (View: 13, DB: 1) | 200 OK [http://127.0.0.1/accounts]


Processing HomeController#index (for 127.0.0.1 at 2010-03-14 15:34:38) [GET]
Rendering home/index
Completed in 2ms (View: 1, DB: 0) | 200 OK [http://127.0.0.1/]


Processing HomeController#index (for 127.0.0.1 at 2010-03-26 13:46:51) [GET]
Rendering home/index
Completed in 141ms (View: 136, DB: 0) | 200 OK [http://0.0.0.0/]


Processing AccountsController#index (for 127.0.0.1 at 2010-03-26 13:46:56) [GET]
  [4;36;1mAccount Load (0.6ms)[0m   [0;1mSELECT * FROM "accounts" [0m
Rendering template within layouts/accounts
Rendering accounts/index
Completed in 192ms (View: 161, DB: 1) | 200 OK [http://0.0.0.0/accounts]


Processing AccountsController#show (for 127.0.0.1 at 2010-03-26 13:47:01) [GET]
  Parameters: {"id"=>"1"}
  [4;35;1mAccount Load (0.8ms)[0m   [0mSELECT * FROM "accounts" WHERE ("accounts"."id" = 1) [0m
Rendering template within layouts/accounts
Rendering accounts/show
Completed in 35ms (View: 16, DB: 1) | 200 OK [http://0.0.0.0/accounts/1]


Processing AccountsController#edit (for 127.0.0.1 at 2010-03-26 13:47:03) [GET]
  Parameters: {"id"=>"1"}
  [4;36;1mAccount Load (0.2ms)[0m   [0;1mSELECT * FROM "accounts" WHERE ("accounts"."id" = 1) [0m
Rendering template within layouts/accounts
Rendering accounts/edit
Completed in 25ms (View: 20, DB: 0) | 200 OK [http://0.0.0.0/accounts/1/edit]


Processing AccountsController#update (for 127.0.0.1 at 2010-03-26 13:47:04) [PUT]
  Parameters: {"commit"=>"Update", "authenticity_token"=>"Is6csqMj151ui8oXqJdu90C/QNo4DBJX0VqJw8wAuO8=", "account"=>{"comment"=>"fgghfhgfgh\r\n\r\n\r\nk,lmklkl", "name"=>"Mail Google", "url"=>"gmail.com", "password"=>"mypwd", "login"=>"openlf"}, "id"=>"1"}
  [4;35;1mAccount Load (0.8ms)[0m   [0mSELECT * FROM "accounts" WHERE ("accounts"."id" = 1) [0m
Redirected to http://0.0.0.0:3000/accounts
Completed in 32ms (DB: 1) | 302 Found [http://0.0.0.0/accounts/1]


Processing AccountsController#index (for 127.0.0.1 at 2010-03-26 13:47:04) [GET]
  [4;36;1mAccount Load (0.5ms)[0m   [0;1mSELECT * FROM "accounts" [0m
Rendering template within layouts/accounts
Rendering accounts/index
Completed in 14ms (View: 9, DB: 1) | 200 OK [http://0.0.0.0/accounts]


Processing AccountsController#index (for 127.0.0.1 at 2010-03-26 13:50:00) [GET]
  [4;35;1mAccount Load (2.1ms)[0m   [0mSELECT * FROM "accounts" [0m
Rendering template within layouts/accounts
Rendering accounts/index
Completed in 55ms (View: 39, DB: 2) | 200 OK [http://0.0.0.0/accounts]


Processing AccountsController#show (for 127.0.0.1 at 2010-03-26 13:50:03) [GET]
  Parameters: {"id"=>"1"}
  [4;36;1mAccount Load (0.2ms)[0m   [0;1mSELECT * FROM "accounts" WHERE ("accounts"."id" = 1) [0m
Rendering template within layouts/accounts
Rendering accounts/show
Completed in 8ms (View: 2, DB: 0) | 200 OK [http://0.0.0.0/accounts/1]


Processing AccountsController#index (for 127.0.0.1 at 2010-03-26 13:50:08) [GET]
  [4;35;1mAccount Load (1.6ms)[0m   [0mSELECT * FROM "accounts" [0m
Rendering template within layouts/accounts
Rendering accounts/index
Completed in 29ms (View: 12, DB: 2) | 200 OK [http://0.0.0.0/accounts]


Processing AccountsController#index (for 127.0.0.1 at 2010-03-26 13:53:05) [GET]
  [4;36;1mAccount Load (1.6ms)[0m   [0;1mSELECT * FROM "accounts" [0m
Rendering template within layouts/accounts
Rendering accounts/index
Completed in 43ms (View: 27, DB: 2) | 200 OK [http://0.0.0.0/accounts]


Processing AccountsController#index (for 127.0.0.1 at 2010-03-26 14:01:03) [GET]
  [4;35;1mAccount Load (1.6ms)[0m   [0mSELECT * FROM "accounts" [0m
Rendering template within layouts/accounts
Rendering accounts/index
Completed in 42ms (View: 27, DB: 2) | 200 OK [http://0.0.0.0/]


Processing AccountsController#index (for 127.0.0.1 at 2010-03-26 14:01:06) [GET]
  [4;36;1mAccount Load (0.5ms)[0m   [0;1mSELECT * FROM "accounts" [0m
Rendering template within layouts/accounts
Rendering accounts/index
Completed in 15ms (View: 10, DB: 1) | 200 OK [http://0.0.0.0/]


Processing AccountsController#index (for 127.0.0.1 at 2010-03-26 14:01:07) [GET]
  [4;35;1mAccount Load (1.6ms)[0m   [0mSELECT * FROM "accounts" [0m
Rendering template within layouts/accounts
Rendering accounts/index
Completed in 53ms (View: 38, DB: 2) | 200 OK [http://0.0.0.0/]
